============================= test session starts ==============================
platform darwin -- Python 3.13.2, pytest-8.3.5, pluggy-1.6.0 -- /Users/o/VS-Projects/hubspot_pipeline/myenv/bin/python3.13
cachedir: .pytest_cache
metadata: {'Python': '3.13.2', 'Platform': 'macOS-15.4.1-arm64-arm-64bit-Mach-O', 'Packages': {'pytest': '8.3.5', 'pluggy': '1.6.0'}, 'Plugins': {'json-report': '1.5.0', 'metadata': '3.1.1', 'mock': '3.14.1', 'cov': '6.1.1'}}
rootdir: /Users/o/VS-Projects/hubspot_pipeline
configfile: pytest.ini
plugins: json-report-1.5.0, metadata-3.1.1, mock-3.14.1, cov-6.1.1
collecting ... collected 23 items

tests/infrastructure/test_gcp_infrastructure_part2_service_accounts.py::test_service_account_pubsub_publisher_permissions[dev] PASSED [  4%]
tests/infrastructure/test_gcp_infrastructure_part2_service_accounts.py::test_service_account_pubsub_publisher_permissions[staging] PASSED [  8%]
tests/infrastructure/test_gcp_infrastructure_part2_service_accounts.py::test_service_account_pubsub_publisher_permissions[prod] PASSED [ 13%]
tests/infrastructure/test_gcp_infrastructure_part2_service_accounts.py::test_service_account_bigquery_permissions[dev] PASSED [ 17%]
tests/infrastructure/test_gcp_infrastructure_part2_service_accounts.py::test_service_account_bigquery_permissions[staging] PASSED [ 21%]
tests/infrastructure/test_gcp_infrastructure_part2_service_accounts.py::test_service_account_bigquery_permissions[prod] PASSED [ 26%]
tests/infrastructure/test_gcp_infrastructure_part2_service_accounts.py::test_service_account_secret_manager_permissions PASSED [ 30%]
tests/infrastructure/test_gcp_infrastructure_part3_pubsub.py::test_pubsub_topics_exist[dev] PASSED [ 34%]
tests/infrastructure/test_gcp_infrastructure_part3_pubsub.py::test_pubsub_topics_exist[staging] PASSED [ 39%]
tests/infrastructure/test_gcp_infrastructure_part3_pubsub.py::test_pubsub_topics_exist[prod] PASSED [ 43%]
tests/infrastructure/test_gcp_infrastructure_part3_pubsub.py::test_scoring_function_subscription_exists[dev] PASSED [ 47%]
tests/infrastructure/test_gcp_infrastructure_part4_secrets_bigquery.py::test_hubspot_api_key_secret_exists PASSED [ 52%]
tests/infrastructure/test_gcp_infrastructure_part4_secrets_bigquery.py::test_hubspot_api_key_actually_works PASSED [ 56%]
tests/infrastructure/test_gcp_infrastructure_part4_secrets_bigquery.py::test_bigquery_datasets_exist[dev] PASSED [ 60%]
tests/infrastructure/test_gcp_infrastructure_part4_secrets_bigquery.py::test_bigquery_datasets_exist[staging] PASSED [ 65%]
tests/infrastructure/test_gcp_infrastructure_part4_secrets_bigquery.py::test_bigquery_datasets_exist[prod] PASSED [ 69%]
tests/infrastructure/test_gcp_infrastructure_part5_connectivity.py::test_gcloud_authenticated PASSED [ 73%]
tests/infrastructure/test_gcp_infrastructure_part5_connectivity.py::test_required_apis_enabled PASSED [ 78%]
tests/infrastructure/test_gcp_infrastructure_part5_connectivity.py::test_hubspot_api_connectivity PASSED [ 82%]
tests/infrastructure/test_gcp_infrastructure_part5_connectivity.py::test_cloud_function_service_accounts_exist[dev] PASSED [ 86%]
tests/infrastructure/test_gcp_infrastructure_part5_connectivity.py::test_cloud_function_service_accounts_exist[staging] PASSED [ 91%]
tests/infrastructure/test_gcp_infrastructure_part5_connectivity.py::test_cloud_function_service_accounts_exist[prod] PASSED [ 95%]
tests/infrastructure/test_gcp_infrastructure_part5_connectivity.py::test_deployment_permissions PASSED [100%]

============================= 23 passed in 44.92s ==============================
